# JRE version: Java(TM) SE Runtime Environment (8.0_301-b09) (build 1.8.0_301-b09)
# Java VM: Java HotSpot(TM) 64-Bit Server VM (25.301-b09 mixed mode windows-amd64 compressed oops)
Heap:
 PSYoungGen      total 655872K, used 614227K [0x00000000d5f00000, 0x0000000100000000, 0x0000000100000000)
  eden space 638976K, 93% used [0x00000000d5f00000,0x00000000fa66f0a8,0x00000000fcf00000)
  from space 16896K, 99% used [0x00000000fcf00000,0x00000000fdf65ef8,0x00000000fdf80000)
  to   space 26112K, 0% used [0x00000000fe680000,0x00000000fe680000,0x0000000100000000)
 ParOldGen       total 97792K, used 60525K [0x0000000081c00000, 0x0000000087b80000, 0x00000000d5f00000)
  object space 97792K, 61% used [0x0000000081c00000,0x000000008571b590,0x0000000087b80000)
 Metaspace       used 81289K, capacity 85582K, committed 85760K, reserved 1124352K
  class space    used 10577K, capacity 11254K, committed 11264K, reserved 1048576K
GC Heap History (10 events):
Event: 54.275 GC heap before
{Heap before GC invocations=14 (full 2):
 PSYoungGen      total 385536K, used 385505K [0x00000000d5f00000, 0x00000000f9580000, 0x0000000100000000)
  eden space 370176K, 100% used [0x00000000d5f00000,0x00000000ec880000,0x00000000ec880000)
  from space 15360K, 99% used [0x00000000ec880000,0x00000000ed778530,0x00000000ed780000)
  to   space 19968K, 0% used [0x00000000f8200000,0x00000000f8200000,0x00000000f9580000)
 ParOldGen       total 69120K, used 26586K [0x0000000081c00000, 0x0000000085f80000, 0x00000000d5f00000)
  object space 69120K, 38% used [0x0000000081c00000,0x00000000835f6a88,0x0000000085f80000)
 Metaspace       used 52604K, capacity 55178K, committed 55424K, reserved 1097728K
  class space    used 6823K, capacity 7272K, committed 7296K, reserved 1048576K
Event: 55.302 GC heap after
Heap after GC invocations=14 (full 2):
 PSYoungGen      total 560640K, used 11094K [0x00000000d5f00000, 0x00000000f9f00000, 0x0000000100000000)
  eden space 540672K, 0% used [0x00000000d5f00000,0x00000000d5f00000,0x00000000f6f00000)
  from space 19968K, 55% used [0x00000000f8200000,0x00000000f8cd5ab0,0x00000000f9580000)
  to   space 19456K, 0% used [0x00000000f6f00000,0x00000000f6f00000,0x00000000f8200000)
 ParOldGen       total 69120K, used 38169K [0x0000000081c00000, 0x0000000085f80000, 0x00000000d5f00000)
  object space 69120K, 55% used [0x0000000081c00000,0x0000000084146738,0x0000000085f80000)
 Metaspace       used 52604K, capacity 55178K, committed 55424K, reserved 1097728K
  class space    used 6823K, capacity 7272K, committed 7296K, reserved 1048576K
}
Event: 58.779 GC heap before
{Heap before GC invocations=15 (full 2):
 PSYoungGen      total 560640K, used 90206K [0x00000000d5f00000, 0x00000000f9f00000, 0x0000000100000000)
  eden space 540672K, 14% used [0x00000000d5f00000,0x00000000dac42090,0x00000000f6f00000)
  from space 19968K, 55% used [0x00000000f8200000,0x00000000f8cd5ab0,0x00000000f9580000)
  to   space 19456K, 0% used [0x00000000f6f00000,0x00000000f6f00000,0x00000000f8200000)
 ParOldGen       total 69120K, used 38169K [0x0000000081c00000, 0x0000000085f80000, 0x00000000d5f00000)
  object space 69120K, 55% used [0x0000000081c00000,0x0000000084146738,0x0000000085f80000)
 Metaspace       used 56338K, capacity 59014K, committed 59136K, reserved 1099776K
  class space    used 7467K, capacity 7912K, committed 7936K, reserved 1048576K
Event: 58.808 GC heap after
Heap after GC invocations=15 (full 2):
 PSYoungGen      total 560128K, used 3834K [0x00000000d5f00000, 0x00000000fff80000, 0x0000000100000000)
  eden space 540672K, 0% used [0x00000000d5f00000,0x00000000d5f00000,0x00000000f6f00000)
  from space 19456K, 19% used [0x00000000f6f00000,0x00000000f72bea10,0x00000000f8200000)
  to   space 19456K, 0% used [0x00000000fec80000,0x00000000fec80000,0x00000000fff80000)
 ParOldGen       total 69120K, used 44522K [0x0000000081c00000, 0x0000000085f80000, 0x00000000d5f00000)
  object space 69120K, 64% used [0x0000000081c00000,0x000000008477ab50,0x0000000085f80000)
 Metaspace       used 56338K, capacity 59014K, committed 59136K, reserved 1099776K
  class space    used 7467K, capacity 7912K, committed 7936K, reserved 1048576K
}
Event: 58.808 GC heap before
{Heap before GC invocations=16 (full 3):
 PSYoungGen      total 560128K, used 3834K [0x00000000d5f00000, 0x00000000fff80000, 0x0000000100000000)
  eden space 540672K, 0% used [0x00000000d5f00000,0x00000000d5f00000,0x00000000f6f00000)
  from space 19456K, 19% used [0x00000000f6f00000,0x00000000f72bea10,0x00000000f8200000)
  to   space 19456K, 0% used [0x00000000fec80000,0x00000000fec80000,0x00000000fff80000)
 ParOldGen       total 69120K, used 44522K [0x0000000081c00000, 0x0000000085f80000, 0x00000000d5f00000)
  object space 69120K, 64% used [0x0000000081c00000,0x000000008477ab50,0x0000000085f80000)
 Metaspace       used 56338K, capacity 59014K, committed 59136K, reserved 1099776K
  class space    used 7467K, capacity 7912K, committed 7936K, reserved 1048576K
Event: 59.218 GC heap after
Heap after GC invocations=16 (full 3):
 PSYoungGen      total 560128K, used 0K [0x00000000d5f00000, 0x00000000fff80000, 0x0000000100000000)
  eden space 540672K, 0% used [0x00000000d5f00000,0x00000000d5f00000,0x00000000f6f00000)
  from space 19456K, 0% used [0x00000000f6f00000,0x00000000f6f00000,0x00000000f8200000)
  to   space 19456K, 0% used [0x00000000fec80000,0x00000000fec80000,0x00000000fff80000)
 ParOldGen       total 97792K, used 35591K [0x0000000081c00000, 0x0000000087b80000, 0x00000000d5f00000)
  object space 97792K, 36% used [0x0000000081c00000,0x0000000083ec1e78,0x0000000087b80000)
 Metaspace       used 56338K, capacity 59014K, committed 59136K, reserved 1099776K
  class space    used 7467K, capacity 7912K, committed 7936K, reserved 1048576K
}
Event: 175.507 GC heap before
{Heap before GC invocations=17 (full 3):
 PSYoungGen      total 560128K, used 540672K [0x00000000d5f00000, 0x00000000fff80000, 0x0000000100000000)
  eden space 540672K, 100% used [0x00000000d5f00000,0x00000000f6f00000,0x00000000f6f00000)
  from space 19456K, 0% used [0x00000000f6f00000,0x00000000f6f00000,0x00000000f8200000)
  to   space 19456K, 0% used [0x00000000fec80000,0x00000000fec80000,0x00000000fff80000)
 ParOldGen       total 97792K, used 35591K [0x0000000081c00000, 0x0000000087b80000, 0x00000000d5f00000)
  object space 97792K, 36% used [0x0000000081c00000,0x0000000083ec1e78,0x0000000087b80000)
 Metaspace       used 69113K, capacity 72000K, committed 72192K, reserved 1112064K
  class space    used 9172K, capacity 9685K, committed 9728K, reserved 1048576K
Event: 175.570 GC heap after
Heap after GC invocations=17 (full 3):
 PSYoungGen      total 658432K, used 19446K [0x00000000d5f00000, 0x0000000100000000, 0x0000000100000000)
  eden space 638976K, 0% used [0x00000000d5f00000,0x00000000d5f00000,0x00000000fcf00000)
  from space 19456K, 99% used [0x00000000fec80000,0x00000000fff7d970,0x00000000fff80000)
  to   space 25088K, 0% used [0x00000000fcf00000,0x00000000fcf00000,0x00000000fe780000)
 ParOldGen       total 97792K, used 42679K [0x0000000081c00000, 0x0000000087b80000, 0x00000000d5f00000)
  object space 97792K, 43% used [0x0000000081c00000,0x00000000845aded0,0x0000000087b80000)
 Metaspace       used 69113K, capacity 72000K, committed 72192K, reserved 1112064K
  class space    used 9172K, capacity 9685K, committed 9728K, reserved 1048576K
}
Event: 182.131 GC heap before
{Heap before GC invocations=18 (full 3):
 PSYoungGen      total 658432K, used 658422K [0x00000000d5f00000, 0x0000000100000000, 0x0000000100000000)
  eden space 638976K, 100% used [0x00000000d5f00000,0x00000000fcf00000,0x00000000fcf00000)
  from space 19456K, 99% used [0x00000000fec80000,0x00000000fff7d970,0x00000000fff80000)
  to   space 25088K, 0% used [0x00000000fcf00000,0x00000000fcf00000,0x00000000fe780000)
 ParOldGen       total 97792K, used 42679K [0x0000000081c00000, 0x0000000087b80000, 0x00000000d5f00000)
  object space 97792K, 43% used [0x0000000081c00000,0x00000000845aded0,0x0000000087b80000)
 Metaspace       used 76475K, capacity 80222K, committed 80256K, reserved 1118208K
  class space    used 9982K, capacity 10618K, committed 10624K, reserved 1048576K
Event: 182.181 GC heap after
Heap after GC invocations=18 (full 3):
 PSYoungGen      total 655872K, used 16791K [0x00000000d5f00000, 0x0000000100000000, 0x0000000100000000)
  eden space 638976K, 0% used [0x00000000d5f00000,0x00000000d5f00000,0x00000000fcf00000)
  from space 16896K, 99% used [0x00000000fcf00000,0x00000000fdf65ef8,0x00000000fdf80000)
  to   space 26112K, 0% used [0x00000000fe680000,0x00000000fe680000,0x0000000100000000)
 ParOldGen       total 97792K, used 60525K [0x0000000081c00000, 0x0000000087b80000, 0x00000000d5f00000)
  object space 97792K, 61% used [0x0000000081c00000,0x000000008571b590,0x0000000087b80000)
 Metaspace       used 76475K, capacity 80222K, committed 80256K, reserved 1118208K
  class space    used 9982K, capacity 10618K, committed 10624K, reserved 1048576K
}

