# JRE version: Java(TM) SE Runtime Environment (8.0_301-b09) (build 1.8.0_301-b09)
# Java VM: Java HotSpot(TM) 64-Bit Server VM (25.301-b09 mixed mode windows-amd64 compressed oops)
Heap:
 PSYoungGen      total 644608K, used 600064K [0x00000000d5f00000, 0x0000000100000000, 0x0000000100000000)
  eden space 600064K, 100% used [0x00000000d5f00000,0x00000000fa900000,0x00000000fa900000)
  from space 44544K, 0% used [0x00000000fa900000,0x00000000fa900000,0x00000000fd480000)
  to   space 44544K, 99% used [0x00000000fd480000,0x00000000ffffc518,0x0000000100000000)
 ParOldGen       total 450560K, used 450557K [0x0000000081c00000, 0x000000009d400000, 0x00000000d5f00000)
  object space 450560K, 99% used [0x0000000081c00000,0x000000009d3ff4c0,0x000000009d400000)
 Metaspace       used 98957K, capacity 104206K, committed 104320K, reserved 1140736K
  class space    used 13007K, capacity 13866K, committed 13952K, reserved 1048576K
GC Heap History (10 events):
Event: 57.466 GC heap after
Heap after GC invocations=20 (full 3):
 PSYoungGen      total 659968K, used 29181K [0x00000000d5f00000, 0x0000000100000000, 0x0000000100000000)
  eden space 630784K, 0% used [0x00000000d5f00000,0x00000000d5f00000,0x00000000fc700000)
  from space 29184K, 99% used [0x00000000fc700000,0x00000000fe37f5a8,0x00000000fe380000)
  to   space 29184K, 0% used [0x00000000fe380000,0x00000000fe380000,0x0000000100000000)
 ParOldGen       total 114176K, used 104667K [0x0000000081c00000, 0x0000000088b80000, 0x00000000d5f00000)
  object space 114176K, 91% used [0x0000000081c00000,0x0000000088236f10,0x0000000088b80000)
 Metaspace       used 85202K, capacity 89608K, committed 89728K, reserved 1126400K
  class space    used 11115K, capacity 11825K, committed 11904K, reserved 1048576K
}
Event: 57.466 GC heap before
{Heap before GC invocations=21 (full 4):
 PSYoungGen      total 659968K, used 29181K [0x00000000d5f00000, 0x0000000100000000, 0x0000000100000000)
  eden space 630784K, 0% used [0x00000000d5f00000,0x00000000d5f00000,0x00000000fc700000)
  from space 29184K, 99% used [0x00000000fc700000,0x00000000fe37f5a8,0x00000000fe380000)
  to   space 29184K, 0% used [0x00000000fe380000,0x00000000fe380000,0x0000000100000000)
 ParOldGen       total 114176K, used 104667K [0x0000000081c00000, 0x0000000088b80000, 0x00000000d5f00000)
  object space 114176K, 91% used [0x0000000081c00000,0x0000000088236f10,0x0000000088b80000)
 Metaspace       used 85202K, capacity 89608K, committed 89728K, reserved 1126400K
  class space    used 11115K, capacity 11825K, committed 11904K, reserved 1048576K
Event: 58.430 GC heap after
Heap after GC invocations=21 (full 4):
 PSYoungGen      total 659968K, used 2040K [0x00000000d5f00000, 0x0000000100000000, 0x0000000100000000)
  eden space 630784K, 0% used [0x00000000d5f00000,0x00000000d5f00000,0x00000000fc700000)
  from space 29184K, 6% used [0x00000000fc700000,0x00000000fc8fe008,0x00000000fe380000)
  to   space 29184K, 0% used [0x00000000fe380000,0x00000000fe380000,0x0000000100000000)
 ParOldGen       total 230400K, used 113919K [0x0000000081c00000, 0x000000008fd00000, 0x00000000d5f00000)
  object space 230400K, 49% used [0x0000000081c00000,0x0000000088b3fd10,0x000000008fd00000)
 Metaspace       used 85198K, capacity 89602K, committed 89728K, reserved 1126400K
  class space    used 11114K, capacity 11824K, committed 11904K, reserved 1048576K
}
Event: 65.993 GC heap before
{Heap before GC invocations=22 (full 4):
 PSYoungGen      total 659968K, used 632824K [0x00000000d5f00000, 0x0000000100000000, 0x0000000100000000)
  eden space 630784K, 100% used [0x00000000d5f00000,0x00000000fc700000,0x00000000fc700000)
  from space 29184K, 6% used [0x00000000fc700000,0x00000000fc8fe008,0x00000000fe380000)
  to   space 29184K, 0% used [0x00000000fe380000,0x00000000fe380000,0x0000000100000000)
 ParOldGen       total 230400K, used 113919K [0x0000000081c00000, 0x000000008fd00000, 0x00000000d5f00000)
  object space 230400K, 49% used [0x0000000081c00000,0x0000000088b3fd10,0x000000008fd00000)
 Metaspace       used 92820K, capacity 97736K, committed 98048K, reserved 1134592K
  class space    used 12163K, capacity 12961K, committed 13056K, reserved 1048576K
Event: 66.030 GC heap after
Heap after GC invocations=22 (full 4):
 PSYoungGen      total 629248K, used 18126K [0x00000000d5f00000, 0x0000000100000000, 0x0000000100000000)
  eden space 600064K, 0% used [0x00000000d5f00000,0x00000000d5f00000,0x00000000fa900000)
  from space 29184K, 62% used [0x00000000fe380000,0x00000000ff533990,0x0000000100000000)
  to   space 44544K, 0% used [0x00000000fa900000,0x00000000fa900000,0x00000000fd480000)
 ParOldGen       total 230400K, used 115966K [0x0000000081c00000, 0x000000008fd00000, 0x00000000d5f00000)
  object space 230400K, 50% used [0x0000000081c00000,0x0000000088d3f850,0x000000008fd00000)
 Metaspace       used 92820K, capacity 97736K, committed 98048K, reserved 1134592K
  class space    used 12163K, capacity 12961K, committed 13056K, reserved 1048576K
}
Event: 167.316 GC heap before
{Heap before GC invocations=23 (full 4):
 PSYoungGen      total 629248K, used 618190K [0x00000000d5f00000, 0x0000000100000000, 0x0000000100000000)
  eden space 600064K, 100% used [0x00000000d5f00000,0x00000000fa900000,0x00000000fa900000)
  from space 29184K, 62% used [0x00000000fe380000,0x00000000ff533990,0x0000000100000000)
  to   space 44544K, 0% used [0x00000000fa900000,0x00000000fa900000,0x00000000fd480000)
 ParOldGen       total 230400K, used 115966K [0x0000000081c00000, 0x000000008fd00000, 0x00000000d5f00000)
  object space 230400K, 50% used [0x0000000081c00000,0x0000000088d3f850,0x000000008fd00000)
 Metaspace       used 98954K, capacity 104206K, committed 104320K, reserved 1140736K
  class space    used 13007K, capacity 13866K, committed 13952K, reserved 1048576K
Event: 167.557 GC heap after
Heap after GC invocations=23 (full 4):
 PSYoungGen      total 644608K, used 44513K [0x00000000d5f00000, 0x0000000100000000, 0x0000000100000000)
  eden space 600064K, 0% used [0x00000000d5f00000,0x00000000d5f00000,0x00000000fa900000)
  from space 44544K, 99% used [0x00000000fa900000,0x00000000fd478400,0x00000000fd480000)
  to   space 44544K, 0% used [0x00000000fd480000,0x00000000fd480000,0x0000000100000000)
 ParOldGen       total 248320K, used 248240K [0x0000000081c00000, 0x0000000090e80000, 0x00000000d5f00000)
  object space 248320K, 99% used [0x0000000081c00000,0x0000000090e6c380,0x0000000090e80000)
 Metaspace       used 98954K, capacity 104206K, committed 104320K, reserved 1140736K
  class space    used 13007K, capacity 13866K, committed 13952K, reserved 1048576K
}
Event: 167.558 GC heap before
{Heap before GC invocations=24 (full 5):
 PSYoungGen      total 644608K, used 44513K [0x00000000d5f00000, 0x0000000100000000, 0x0000000100000000)
  eden space 600064K, 0% used [0x00000000d5f00000,0x00000000d5f00000,0x00000000fa900000)
  from space 44544K, 99% used [0x00000000fa900000,0x00000000fd478400,0x00000000fd480000)
  to   space 44544K, 0% used [0x00000000fd480000,0x00000000fd480000,0x0000000100000000)
 ParOldGen       total 248320K, used 248240K [0x0000000081c00000, 0x0000000090e80000, 0x00000000d5f00000)
  object space 248320K, 99% used [0x0000000081c00000,0x0000000090e6c380,0x0000000090e80000)
 Metaspace       used 98954K, capacity 104206K, committed 104320K, reserved 1140736K
  class space    used 13007K, capacity 13866K, committed 13952K, reserved 1048576K
Event: 169.506 GC heap after
Heap after GC invocations=24 (full 5):
 PSYoungGen      total 644608K, used 0K [0x00000000d5f00000, 0x0000000100000000, 0x0000000100000000)
  eden space 600064K, 0% used [0x00000000d5f00000,0x00000000d5f00000,0x00000000fa900000)
  from space 44544K, 0% used [0x00000000fa900000,0x00000000fa900000,0x00000000fd480000)
  to   space 44544K, 0% used [0x00000000fd480000,0x00000000fd480000,0x0000000100000000)
 ParOldGen       total 428032K, used 242493K [0x0000000081c00000, 0x000000009be00000, 0x00000000d5f00000)
  object space 428032K, 56% used [0x0000000081c00000,0x00000000908cf4c0,0x000000009be00000)
 Metaspace       used 98954K, capacity 104206K, committed 104320K, reserved 1140736K
  class space    used 13007K, capacity 13866K, committed 13952K, reserved 1048576K
}
Event: 170.497 GC heap before
{Heap before GC invocations=25 (full 5):
 PSYoungGen      total 644608K, used 600064K [0x00000000d5f00000, 0x0000000100000000, 0x0000000100000000)
  eden space 600064K, 100% used [0x00000000d5f00000,0x00000000fa900000,0x00000000fa900000)
  from space 44544K, 0% used [0x00000000fa900000,0x00000000fa900000,0x00000000fd480000)
  to   space 44544K, 0% used [0x00000000fd480000,0x00000000fd480000,0x0000000100000000)
 ParOldGen       total 428032K, used 242493K [0x0000000081c00000, 0x000000009be00000, 0x00000000d5f00000)
  object space 428032K, 56% used [0x0000000081c00000,0x00000000908cf4c0,0x000000009be00000)
 Metaspace       used 98957K, capacity 104206K, committed 104320K, reserved 1140736K
  class space    used 13007K, capacity 13866K, committed 13952K, reserved 1048576K

