# JRE version: Java(TM) SE Runtime Environment (8.0_301-b09) (build 1.8.0_301-b09)
# Java VM: Java HotSpot(TM) 64-Bit Server VM (25.301-b09 mixed mode windows-amd64 compressed oops)
Heap:
 PSYoungGen      total 513024K, used 70836K [0x00000000d5f00000, 0x0000000100000000, 0x0000000100000000)
  eden space 494080K, 14% used [0x00000000d5f00000,0x00000000da42d2a8,0x00000000f4180000)
  from space 18944K, 0% used [0x00000000f4180000,0x00000000f4180000,0x00000000f5400000)
  to   space 18432K, 0% used [0x00000000fee00000,0x00000000fee00000,0x0000000100000000)
 ParOldGen       total 112128K, used 36678K [0x0000000081c00000, 0x0000000088980000, 0x00000000d5f00000)
  object space 112128K, 32% used [0x0000000081c00000,0x0000000083fd1ba8,0x0000000088980000)
 Metaspace       used 60182K, capacity 62956K, committed 63232K, reserved 1103872K
  class space    used 7925K, capacity 8443K, committed 8448K, reserved 1048576K
GC Heap History (10 events):
Event: 19.725 GC heap before
{Heap before GC invocations=12 (full 2):
 PSYoungGen      total 367104K, used 11282K [0x00000000d5f00000, 0x00000000ef580000, 0x0000000100000000)
  eden space 352768K, 0% used [0x00000000d5f00000,0x00000000d5f00000,0x00000000eb780000)
  from space 14336K, 78% used [0x00000000ec680000,0x00000000ed184bb0,0x00000000ed480000)
  to   space 15360K, 0% used [0x00000000eb780000,0x00000000eb780000,0x00000000ec680000)
 ParOldGen       total 51200K, used 18606K [0x0000000081c00000, 0x0000000084e00000, 0x00000000d5f00000)
  object space 51200K, 36% used [0x0000000081c00000,0x0000000082e2bae8,0x0000000084e00000)
 Metaspace       used 34019K, capacity 35400K, committed 35496K, reserved 1081344K
  class space    used 4268K, capacity 4560K, committed 4608K, reserved 1048576K
Event: 19.832 GC heap after
Heap after GC invocations=12 (full 2):
 PSYoungGen      total 367104K, used 0K [0x00000000d5f00000, 0x00000000ef580000, 0x0000000100000000)
  eden space 352768K, 0% used [0x00000000d5f00000,0x00000000d5f00000,0x00000000eb780000)
  from space 14336K, 0% used [0x00000000ec680000,0x00000000ec680000,0x00000000ed480000)
  to   space 15360K, 0% used [0x00000000eb780000,0x00000000eb780000,0x00000000ec680000)
 ParOldGen       total 75776K, used 19711K [0x0000000081c00000, 0x0000000086600000, 0x00000000d5f00000)
  object space 75776K, 26% used [0x0000000081c00000,0x0000000082f3fe50,0x0000000086600000)
 Metaspace       used 34019K, capacity 35400K, committed 35496K, reserved 1081344K
  class space    used 4268K, capacity 4560K, committed 4608K, reserved 1048576K
}
Event: 26.597 GC heap before
{Heap before GC invocations=13 (full 2):
 PSYoungGen      total 367104K, used 352768K [0x00000000d5f00000, 0x00000000ef580000, 0x0000000100000000)
  eden space 352768K, 100% used [0x00000000d5f00000,0x00000000eb780000,0x00000000eb780000)
  from space 14336K, 0% used [0x00000000ec680000,0x00000000ec680000,0x00000000ed480000)
  to   space 15360K, 0% used [0x00000000eb780000,0x00000000eb780000,0x00000000ec680000)
 ParOldGen       total 75776K, used 19711K [0x0000000081c00000, 0x0000000086600000, 0x00000000d5f00000)
  object space 75776K, 26% used [0x0000000081c00000,0x0000000082f3fe50,0x0000000086600000)
 Metaspace       used 45989K, capacity 48190K, committed 48384K, reserved 1091584K
  class space    used 5963K, capacity 6355K, committed 6400K, reserved 1048576K
Event: 26.726 GC heap after
Heap after GC invocations=13 (full 2):
 PSYoungGen      total 368128K, used 15356K [0x00000000d5f00000, 0x00000000f6b00000, 0x0000000100000000)
  eden space 352768K, 0% used [0x00000000d5f00000,0x00000000d5f00000,0x00000000eb780000)
  from space 15360K, 99% used [0x00000000eb780000,0x00000000ec67f0d0,0x00000000ec680000)
  to   space 18432K, 0% used [0x00000000f5900000,0x00000000f5900000,0x00000000f6b00000)
 ParOldGen       total 75776K, used 22392K [0x0000000081c00000, 0x0000000086600000, 0x00000000d5f00000)
  object space 75776K, 29% used [0x0000000081c00000,0x00000000831de1b8,0x0000000086600000)
 Metaspace       used 45989K, capacity 48190K, committed 48384K, reserved 1091584K
  class space    used 5963K, capacity 6355K, committed 6400K, reserved 1048576K
}
Event: 33.341 GC heap before
{Heap before GC invocations=14 (full 2):
 PSYoungGen      total 368128K, used 368124K [0x00000000d5f00000, 0x00000000f6b00000, 0x0000000100000000)
  eden space 352768K, 100% used [0x00000000d5f00000,0x00000000eb780000,0x00000000eb780000)
  from space 15360K, 99% used [0x00000000eb780000,0x00000000ec67f0d0,0x00000000ec680000)
  to   space 18432K, 0% used [0x00000000f5900000,0x00000000f5900000,0x00000000f6b00000)
 ParOldGen       total 75776K, used 22392K [0x0000000081c00000, 0x0000000086600000, 0x00000000d5f00000)
  object space 75776K, 29% used [0x0000000081c00000,0x00000000831de1b8,0x0000000086600000)
 Metaspace       used 51783K, capacity 54362K, committed 54528K, reserved 1097728K
  class space    used 6664K, capacity 7112K, committed 7168K, reserved 1048576K
Event: 33.405 GC heap after
Heap after GC invocations=14 (full 2):
 PSYoungGen      total 507904K, used 12677K [0x00000000d5f00000, 0x00000000f6680000, 0x0000000100000000)
  eden space 494080K, 0% used [0x00000000d5f00000,0x00000000d5f00000,0x00000000f4180000)
  from space 13824K, 91% used [0x00000000f5900000,0x00000000f6561628,0x00000000f6680000)
  to   space 18944K, 0% used [0x00000000f4180000,0x00000000f4180000,0x00000000f5400000)
 ParOldGen       total 75776K, used 31592K [0x0000000081c00000, 0x0000000086600000, 0x00000000d5f00000)
  object space 75776K, 41% used [0x0000000081c00000,0x0000000083ada0a0,0x0000000086600000)
 Metaspace       used 51783K, capacity 54362K, committed 54528K, reserved 1097728K
  class space    used 6664K, capacity 7112K, committed 7168K, reserved 1048576K
}
Event: 34.964 GC heap before
{Heap before GC invocations=15 (full 2):
 PSYoungGen      total 507904K, used 120763K [0x00000000d5f00000, 0x00000000f6680000, 0x0000000100000000)
  eden space 494080K, 21% used [0x00000000d5f00000,0x00000000dc88d710,0x00000000f4180000)
  from space 13824K, 91% used [0x00000000f5900000,0x00000000f6561628,0x00000000f6680000)
  to   space 18944K, 0% used [0x00000000f4180000,0x00000000f4180000,0x00000000f5400000)
 ParOldGen       total 75776K, used 31592K [0x0000000081c00000, 0x0000000086600000, 0x00000000d5f00000)
  object space 75776K, 41% used [0x0000000081c00000,0x0000000083ada0a0,0x0000000086600000)
 Metaspace       used 56431K, capacity 59062K, committed 59136K, reserved 1099776K
  class space    used 7468K, capacity 7912K, committed 7936K, reserved 1048576K
Event: 34.980 GC heap after
Heap after GC invocations=15 (full 2):
 PSYoungGen      total 513024K, used 4782K [0x00000000d5f00000, 0x0000000100000000, 0x0000000100000000)
  eden space 494080K, 0% used [0x00000000d5f00000,0x00000000d5f00000,0x00000000f4180000)
  from space 18944K, 25% used [0x00000000f4180000,0x00000000f462b868,0x00000000f5400000)
  to   space 18432K, 0% used [0x00000000fee00000,0x00000000fee00000,0x0000000100000000)
 ParOldGen       total 75776K, used 40174K [0x0000000081c00000, 0x0000000086600000, 0x00000000d5f00000)
  object space 75776K, 53% used [0x0000000081c00000,0x000000008433b908,0x0000000086600000)
 Metaspace       used 56431K, capacity 59062K, committed 59136K, reserved 1099776K
  class space    used 7468K, capacity 7912K, committed 7936K, reserved 1048576K
}
Event: 34.980 GC heap before
{Heap before GC invocations=16 (full 3):
 PSYoungGen      total 513024K, used 4782K [0x00000000d5f00000, 0x0000000100000000, 0x0000000100000000)
  eden space 494080K, 0% used [0x00000000d5f00000,0x00000000d5f00000,0x00000000f4180000)
  from space 18944K, 25% used [0x00000000f4180000,0x00000000f462b868,0x00000000f5400000)
  to   space 18432K, 0% used [0x00000000fee00000,0x00000000fee00000,0x0000000100000000)
 ParOldGen       total 75776K, used 40174K [0x0000000081c00000, 0x0000000086600000, 0x00000000d5f00000)
  object space 75776K, 53% used [0x0000000081c00000,0x000000008433b908,0x0000000086600000)
 Metaspace       used 56431K, capacity 59062K, committed 59136K, reserved 1099776K
  class space    used 7468K, capacity 7912K, committed 7936K, reserved 1048576K
Event: 35.248 GC heap after
Heap after GC invocations=16 (full 3):
 PSYoungGen      total 513024K, used 0K [0x00000000d5f00000, 0x0000000100000000, 0x0000000100000000)
  eden space 494080K, 0% used [0x00000000d5f00000,0x00000000d5f00000,0x00000000f4180000)
  from space 18944K, 0% used [0x00000000f4180000,0x00000000f4180000,0x00000000f5400000)
  to   space 18432K, 0% used [0x00000000fee00000,0x00000000fee00000,0x0000000100000000)
 ParOldGen       total 112128K, used 36678K [0x0000000081c00000, 0x0000000088980000, 0x00000000d5f00000)
  object space 112128K, 32% used [0x0000000081c00000,0x0000000083fd1ba8,0x0000000088980000)
 Metaspace       used 56431K, capacity 59062K, committed 59136K, reserved 1099776K
  class space    used 7468K, capacity 7912K, committed 7936K, reserved 1048576K
}

