# JRE version: Java(TM) SE Runtime Environment (8.0_301-b09) (build 1.8.0_301-b09)
# Java VM: Java HotSpot(TM) 64-Bit Server VM (25.301-b09 mixed mode windows-amd64 compressed oops)
Heap:
 PSYoungGen      total 658432K, used 645349K [0x00000000d5f00000, 0x0000000100000000, 0x0000000100000000)
  eden space 641024K, 97% used [0x00000000d5f00000,0x00000000fc4698f0,0x00000000fd100000)
  from space 17408K, 98% used [0x00000000fd100000,0x00000000fe1cfeb8,0x00000000fe200000)
  to   space 25088K, 0% used [0x00000000fe780000,0x00000000fe780000,0x0000000100000000)
 ParOldGen       total 105472K, used 59269K [0x0000000081c00000, 0x0000000088300000, 0x00000000d5f00000)
  object space 105472K, 56% used [0x0000000081c00000,0x00000000855e1450,0x0000000088300000)
 Metaspace       used 81919K, capacity 86072K, committed 86424K, reserved 1124352K
  class space    used 10629K, capacity 11323K, committed 11440K, reserved 1048576K
GC Heap History (10 events):
Event: 33.447 GC heap before
{Heap before GC invocations=14 (full 2):
 PSYoungGen      total 377856K, used 377853K [0x00000000d5f00000, 0x00000000f7a80000, 0x0000000100000000)
  eden space 363520K, 100% used [0x00000000d5f00000,0x00000000ec200000,0x00000000ec200000)
  from space 14336K, 99% used [0x00000000ec200000,0x00000000ecfff5e0,0x00000000ed000000)
  to   space 17920K, 0% used [0x00000000f6900000,0x00000000f6900000,0x00000000f7a80000)
 ParOldGen       total 72704K, used 23211K [0x0000000081c00000, 0x0000000086300000, 0x00000000d5f00000)
  object space 72704K, 31% used [0x0000000081c00000,0x00000000832aaf60,0x0000000086300000)
 Metaspace       used 52158K, capacity 54698K, committed 54832K, reserved 1097728K
  class space    used 6723K, capacity 7176K, committed 7216K, reserved 1048576K
Event: 33.540 GC heap after
Heap after GC invocations=14 (full 2):
 PSYoungGen      total 531456K, used 13005K [0x00000000d5f00000, 0x00000000f7980000, 0x0000000100000000)
  eden space 514560K, 0% used [0x00000000d5f00000,0x00000000d5f00000,0x00000000f5580000)
  from space 16896K, 76% used [0x00000000f6900000,0x00000000f75b3538,0x00000000f7980000)
  to   space 18432K, 0% used [0x00000000f5580000,0x00000000f5580000,0x00000000f6780000)
 ParOldGen       total 72704K, used 32489K [0x0000000081c00000, 0x0000000086300000, 0x00000000d5f00000)
  object space 72704K, 44% used [0x0000000081c00000,0x0000000083bba6a8,0x0000000086300000)
 Metaspace       used 52158K, capacity 54698K, committed 54832K, reserved 1097728K
  class space    used 6723K, capacity 7176K, committed 7216K, reserved 1048576K
}
Event: 34.739 GC heap before
{Heap before GC invocations=15 (full 2):
 PSYoungGen      total 531456K, used 106852K [0x00000000d5f00000, 0x00000000f7980000, 0x0000000100000000)
  eden space 514560K, 18% used [0x00000000d5f00000,0x00000000dbaa5ad0,0x00000000f5580000)
  from space 16896K, 76% used [0x00000000f6900000,0x00000000f75b3538,0x00000000f7980000)
  to   space 18432K, 0% used [0x00000000f5580000,0x00000000f5580000,0x00000000f6780000)
 ParOldGen       total 72704K, used 32489K [0x0000000081c00000, 0x0000000086300000, 0x00000000d5f00000)
  object space 72704K, 44% used [0x0000000081c00000,0x0000000083bba6a8,0x0000000086300000)
 Metaspace       used 56378K, capacity 59014K, committed 59160K, reserved 1099776K
  class space    used 7471K, capacity 7912K, committed 7984K, reserved 1048576K
Event: 34.754 GC heap after
Heap after GC invocations=15 (full 2):
 PSYoungGen      total 532992K, used 4168K [0x00000000d5f00000, 0x0000000100000000, 0x0000000100000000)
  eden space 514560K, 0% used [0x00000000d5f00000,0x00000000d5f00000,0x00000000f5580000)
  from space 18432K, 22% used [0x00000000f5580000,0x00000000f5992198,0x00000000f6780000)
  to   space 18432K, 0% used [0x00000000fee00000,0x00000000fee00000,0x0000000100000000)
 ParOldGen       total 72704K, used 41163K [0x0000000081c00000, 0x0000000086300000, 0x00000000d5f00000)
  object space 72704K, 56% used [0x0000000081c00000,0x0000000084432ef0,0x0000000086300000)
 Metaspace       used 56378K, capacity 59014K, committed 59160K, reserved 1099776K
  class space    used 7471K, capacity 7912K, committed 7984K, reserved 1048576K
}
Event: 34.754 GC heap before
{Heap before GC invocations=16 (full 3):
 PSYoungGen      total 532992K, used 4168K [0x00000000d5f00000, 0x0000000100000000, 0x0000000100000000)
  eden space 514560K, 0% used [0x00000000d5f00000,0x00000000d5f00000,0x00000000f5580000)
  from space 18432K, 22% used [0x00000000f5580000,0x00000000f5992198,0x00000000f6780000)
  to   space 18432K, 0% used [0x00000000fee00000,0x00000000fee00000,0x0000000100000000)
 ParOldGen       total 72704K, used 41163K [0x0000000081c00000, 0x0000000086300000, 0x00000000d5f00000)
  object space 72704K, 56% used [0x0000000081c00000,0x0000000084432ef0,0x0000000086300000)
 Metaspace       used 56378K, capacity 59014K, committed 59160K, reserved 1099776K
  class space    used 7471K, capacity 7912K, committed 7984K, reserved 1048576K
Event: 34.963 GC heap after
Heap after GC invocations=16 (full 3):
 PSYoungGen      total 532992K, used 0K [0x00000000d5f00000, 0x0000000100000000, 0x0000000100000000)
  eden space 514560K, 0% used [0x00000000d5f00000,0x00000000d5f00000,0x00000000f5580000)
  from space 18432K, 0% used [0x00000000f5580000,0x00000000f5580000,0x00000000f6780000)
  to   space 18432K, 0% used [0x00000000fee00000,0x00000000fee00000,0x0000000100000000)
 ParOldGen       total 105472K, used 36287K [0x0000000081c00000, 0x0000000088300000, 0x00000000d5f00000)
  object space 105472K, 34% used [0x0000000081c00000,0x0000000083f6fe58,0x0000000088300000)
 Metaspace       used 56378K, capacity 59014K, committed 59160K, reserved 1099776K
  class space    used 7471K, capacity 7912K, committed 7984K, reserved 1048576K
}
Event: 43.594 GC heap before
{Heap before GC invocations=17 (full 3):
 PSYoungGen      total 532992K, used 514560K [0x00000000d5f00000, 0x0000000100000000, 0x0000000100000000)
  eden space 514560K, 100% used [0x00000000d5f00000,0x00000000f5580000,0x00000000f5580000)
  from space 18432K, 0% used [0x00000000f5580000,0x00000000f5580000,0x00000000f6780000)
  to   space 18432K, 0% used [0x00000000fee00000,0x00000000fee00000,0x0000000100000000)
 ParOldGen       total 105472K, used 36287K [0x0000000081c00000, 0x0000000088300000, 0x00000000d5f00000)
  object space 105472K, 34% used [0x0000000081c00000,0x0000000083f6fe58,0x0000000088300000)
 Metaspace       used 69670K, capacity 72596K, committed 72728K, reserved 1112064K
  class space    used 9234K, capacity 9753K, committed 9776K, reserved 1048576K
Event: 43.814 GC heap after
Heap after GC invocations=17 (full 3):
 PSYoungGen      total 659456K, used 18427K [0x00000000d5f00000, 0x0000000100000000, 0x0000000100000000)
  eden space 641024K, 0% used [0x00000000d5f00000,0x00000000d5f00000,0x00000000fd100000)
  from space 18432K, 99% used [0x00000000fee00000,0x00000000ffffef68,0x0000000100000000)
  to   space 24064K, 0% used [0x00000000fd100000,0x00000000fd100000,0x00000000fe880000)
 ParOldGen       total 105472K, used 43572K [0x0000000081c00000, 0x0000000088300000, 0x00000000d5f00000)
  object space 105472K, 41% used [0x0000000081c00000,0x000000008468d2d0,0x0000000088300000)
 Metaspace       used 69670K, capacity 72596K, committed 72728K, reserved 1112064K
  class space    used 9234K, capacity 9753K, committed 9776K, reserved 1048576K
}
Event: 51.051 GC heap before
{Heap before GC invocations=18 (full 3):
 PSYoungGen      total 659456K, used 659451K [0x00000000d5f00000, 0x0000000100000000, 0x0000000100000000)
  eden space 641024K, 100% used [0x00000000d5f00000,0x00000000fd100000,0x00000000fd100000)
  from space 18432K, 99% used [0x00000000fee00000,0x00000000ffffef68,0x0000000100000000)
  to   space 24064K, 0% used [0x00000000fd100000,0x00000000fd100000,0x00000000fe880000)
 ParOldGen       total 105472K, used 43572K [0x0000000081c00000, 0x0000000088300000, 0x00000000d5f00000)
  object space 105472K, 41% used [0x0000000081c00000,0x000000008468d2d0,0x0000000088300000)
 Metaspace       used 77193K, capacity 80860K, committed 81176K, reserved 1120256K
  class space    used 10067K, capacity 10683K, committed 10800K, reserved 1048576K
Event: 51.171 GC heap after
Heap after GC invocations=18 (full 3):
 PSYoungGen      total 658432K, used 17215K [0x00000000d5f00000, 0x0000000100000000, 0x0000000100000000)
  eden space 641024K, 0% used [0x00000000d5f00000,0x00000000d5f00000,0x00000000fd100000)
  from space 17408K, 98% used [0x00000000fd100000,0x00000000fe1cfeb8,0x00000000fe200000)
  to   space 25088K, 0% used [0x00000000fe780000,0x00000000fe780000,0x0000000100000000)
 ParOldGen       total 105472K, used 59269K [0x0000000081c00000, 0x0000000088300000, 0x00000000d5f00000)
  object space 105472K, 56% used [0x0000000081c00000,0x00000000855e1450,0x0000000088300000)
 Metaspace       used 77193K, capacity 80860K, committed 81176K, reserved 1120256K
  class space    used 10067K, capacity 10683K, committed 10800K, reserved 1048576K
}

