# JRE version: Java(TM) SE Runtime Environment (8.0_301-b09) (build 1.8.0_301-b09)
# Java VM: Java HotSpot(TM) 64-Bit Server VM (25.301-b09 mixed mode windows-amd64 compressed oops)
Heap:
 PSYoungGen      total 662528K, used 201356K [0x00000000d5f00000, 0x0000000100000000, 0x0000000100000000)
  eden space 645120K, 28% used [0x00000000d5f00000,0x00000000e12a3830,0x00000000fd500000)
  from space 17408K, 99% used [0x00000000fef00000,0x00000000fffff9d0,0x0000000100000000)
  to   space 22016K, 0% used [0x00000000fd500000,0x00000000fd500000,0x00000000fea80000)
 ParOldGen       total 59904K, used 19973K [0x0000000081c00000, 0x0000000085680000, 0x00000000d5f00000)
  object space 59904K, 33% used [0x0000000081c00000,0x0000000082f81690,0x0000000085680000)
 Metaspace       used 49403K, capacity 51828K, committed 51968K, reserved 1093632K
  class space    used 6398K, capacity 6840K, committed 6912K, reserved 1048576K
GC Heap History (10 events):
Event: 18.034 GC heap before
{Heap before GC invocations=10 (full 1):
 PSYoungGen      total 275456K, used 265216K [0x00000000d5f00000, 0x00000000e7600000, 0x0000000100000000)
  eden space 265216K, 100% used [0x00000000d5f00000,0x00000000e6200000,0x00000000e6200000)
  from space 10240K, 0% used [0x00000000e6c00000,0x00000000e6c00000,0x00000000e7600000)
  to   space 10240K, 0% used [0x00000000e6200000,0x00000000e6200000,0x00000000e6c00000)
 ParOldGen       total 43008K, used 5949K [0x0000000081c00000, 0x0000000084600000, 0x00000000d5f00000)
  object space 43008K, 13% used [0x0000000081c00000,0x00000000821cf7d8,0x0000000084600000)
 Metaspace       used 28059K, capacity 29178K, committed 29440K, reserved 1075200K
  class space    used 3612K, capacity 3840K, committed 3840K, reserved 1048576K
Event: 18.075 GC heap after
Heap after GC invocations=10 (full 1):
 PSYoungGen      total 275456K, used 10228K [0x00000000d5f00000, 0x00000000f1100000, 0x0000000100000000)
  eden space 265216K, 0% used [0x00000000d5f00000,0x00000000d5f00000,0x00000000e6200000)
  from space 10240K, 99% used [0x00000000e6200000,0x00000000e6bfd138,0x00000000e6c00000)
  to   space 13824K, 0% used [0x00000000f0380000,0x00000000f0380000,0x00000000f1100000)
 ParOldGen       total 43008K, used 11295K [0x0000000081c00000, 0x0000000084600000, 0x00000000d5f00000)
  object space 43008K, 26% used [0x0000000081c00000,0x0000000082707cb8,0x0000000084600000)
 Metaspace       used 28059K, capacity 29178K, committed 29440K, reserved 1075200K
  class space    used 3612K, capacity 3840K, committed 3840K, reserved 1048576K
}
Event: 21.856 GC heap before
{Heap before GC invocations=11 (full 1):
 PSYoungGen      total 275456K, used 275444K [0x00000000d5f00000, 0x00000000f1100000, 0x0000000100000000)
  eden space 265216K, 100% used [0x00000000d5f00000,0x00000000e6200000,0x00000000e6200000)
  from space 10240K, 99% used [0x00000000e6200000,0x00000000e6bfd138,0x00000000e6c00000)
  to   space 13824K, 0% used [0x00000000f0380000,0x00000000f0380000,0x00000000f1100000)
 ParOldGen       total 43008K, used 11295K [0x0000000081c00000, 0x0000000084600000, 0x00000000d5f00000)
  object space 43008K, 26% used [0x0000000081c00000,0x0000000082707cb8,0x0000000084600000)
 Metaspace       used 33994K, capacity 35336K, committed 35496K, reserved 1081344K
  class space    used 4264K, capacity 4560K, committed 4608K, reserved 1048576K
Event: 21.932 GC heap after
Heap after GC invocations=11 (full 1):
 PSYoungGen      total 427008K, used 13819K [0x00000000d5f00000, 0x00000000f1600000, 0x0000000100000000)
  eden space 413184K, 0% used [0x00000000d5f00000,0x00000000d5f00000,0x00000000ef280000)
  from space 13824K, 99% used [0x00000000f0380000,0x00000000f10fee10,0x00000000f1100000)
  to   space 17408K, 0% used [0x00000000ef280000,0x00000000ef280000,0x00000000f0380000)
 ParOldGen       total 43008K, used 15601K [0x0000000081c00000, 0x0000000084600000, 0x00000000d5f00000)
  object space 43008K, 36% used [0x0000000081c00000,0x0000000082b3c580,0x0000000084600000)
 Metaspace       used 33994K, capacity 35336K, committed 35496K, reserved 1081344K
  class space    used 4264K, capacity 4560K, committed 4608K, reserved 1048576K
}
Event: 21.948 GC heap before
{Heap before GC invocations=12 (full 1):
 PSYoungGen      total 427008K, used 19808K [0x00000000d5f00000, 0x00000000f1600000, 0x0000000100000000)
  eden space 413184K, 1% used [0x00000000d5f00000,0x00000000d64d9468,0x00000000ef280000)
  from space 13824K, 99% used [0x00000000f0380000,0x00000000f10fee10,0x00000000f1100000)
  to   space 17408K, 0% used [0x00000000ef280000,0x00000000ef280000,0x00000000f0380000)
 ParOldGen       total 43008K, used 15601K [0x0000000081c00000, 0x0000000084600000, 0x00000000d5f00000)
  object space 43008K, 36% used [0x0000000081c00000,0x0000000082b3c580,0x0000000084600000)
 Metaspace       used 34043K, capacity 35400K, committed 35496K, reserved 1081344K
  class space    used 4268K, capacity 4560K, committed 4608K, reserved 1048576K
Event: 22.071 GC heap after
Heap after GC invocations=12 (full 1):
 PSYoungGen      total 430592K, used 192K [0x00000000d5f00000, 0x0000000100000000, 0x0000000100000000)
  eden space 413184K, 0% used [0x00000000d5f00000,0x00000000d5f00000,0x00000000ef280000)
  from space 17408K, 1% used [0x00000000ef280000,0x00000000ef2b0000,0x00000000f0380000)
  to   space 17408K, 0% used [0x00000000fef00000,0x00000000fef00000,0x0000000100000000)
 ParOldGen       total 43008K, used 25859K [0x0000000081c00000, 0x0000000084600000, 0x00000000d5f00000)
  object space 43008K, 60% used [0x0000000081c00000,0x0000000083540cd0,0x0000000084600000)
 Metaspace       used 34043K, capacity 35400K, committed 35496K, reserved 1081344K
  class space    used 4268K, capacity 4560K, committed 4608K, reserved 1048576K
}
Event: 22.071 GC heap before
{Heap before GC invocations=13 (full 2):
 PSYoungGen      total 430592K, used 192K [0x00000000d5f00000, 0x0000000100000000, 0x0000000100000000)
  eden space 413184K, 0% used [0x00000000d5f00000,0x00000000d5f00000,0x00000000ef280000)
  from space 17408K, 1% used [0x00000000ef280000,0x00000000ef2b0000,0x00000000f0380000)
  to   space 17408K, 0% used [0x00000000fef00000,0x00000000fef00000,0x0000000100000000)
 ParOldGen       total 43008K, used 25859K [0x0000000081c00000, 0x0000000084600000, 0x00000000d5f00000)
  object space 43008K, 60% used [0x0000000081c00000,0x0000000083540cd0,0x0000000084600000)
 Metaspace       used 34043K, capacity 35400K, committed 35496K, reserved 1081344K
  class space    used 4268K, capacity 4560K, committed 4608K, reserved 1048576K
Event: 22.250 GC heap after
Heap after GC invocations=13 (full 2):
 PSYoungGen      total 430592K, used 0K [0x00000000d5f00000, 0x0000000100000000, 0x0000000100000000)
  eden space 413184K, 0% used [0x00000000d5f00000,0x00000000d5f00000,0x00000000ef280000)
  from space 17408K, 0% used [0x00000000ef280000,0x00000000ef280000,0x00000000f0380000)
  to   space 17408K, 0% used [0x00000000fef00000,0x00000000fef00000,0x0000000100000000)
 ParOldGen       total 59904K, used 15886K [0x0000000081c00000, 0x0000000085680000, 0x00000000d5f00000)
  object space 59904K, 26% used [0x0000000081c00000,0x0000000082b838c8,0x0000000085680000)
 Metaspace       used 34043K, capacity 35400K, committed 35496K, reserved 1081344K
  class space    used 4268K, capacity 4560K, committed 4608K, reserved 1048576K
}
Event: 29.611 GC heap before
{Heap before GC invocations=14 (full 2):
 PSYoungGen      total 430592K, used 413184K [0x00000000d5f00000, 0x0000000100000000, 0x0000000100000000)
  eden space 413184K, 100% used [0x00000000d5f00000,0x00000000ef280000,0x00000000ef280000)
  from space 17408K, 0% used [0x00000000ef280000,0x00000000ef280000,0x00000000f0380000)
  to   space 17408K, 0% used [0x00000000fef00000,0x00000000fef00000,0x0000000100000000)
 ParOldGen       total 59904K, used 15886K [0x0000000081c00000, 0x0000000085680000, 0x00000000d5f00000)
  object space 59904K, 26% used [0x0000000081c00000,0x0000000082b838c8,0x0000000085680000)
 Metaspace       used 47239K, capacity 49446K, committed 49792K, reserved 1093632K
  class space    used 6080K, capacity 6453K, committed 6528K, reserved 1048576K
Event: 29.708 GC heap after
Heap after GC invocations=14 (full 2):
 PSYoungGen      total 662528K, used 17406K [0x00000000d5f00000, 0x0000000100000000, 0x0000000100000000)
  eden space 645120K, 0% used [0x00000000d5f00000,0x00000000d5f00000,0x00000000fd500000)
  from space 17408K, 99% used [0x00000000fef00000,0x00000000fffff9d0,0x0000000100000000)
  to   space 22016K, 0% used [0x00000000fd500000,0x00000000fd500000,0x00000000fea80000)
 ParOldGen       total 59904K, used 19973K [0x0000000081c00000, 0x0000000085680000, 0x00000000d5f00000)
  object space 59904K, 33% used [0x0000000081c00000,0x0000000082f81690,0x0000000085680000)
 Metaspace       used 47239K, capacity 49446K, committed 49792K, reserved 1093632K
  class space    used 6080K, capacity 6453K, committed 6528K, reserved 1048576K
}

