# JRE version: Java(TM) SE Runtime Environment (8.0_301-b09) (build 1.8.0_301-b09)
# Java VM: Java HotSpot(TM) 64-Bit Server VM (25.301-b09 mixed mode windows-amd64 compressed oops)
Heap:
 PSYoungGen      total 283648K, used 201413K [0x00000000d5f00000, 0x00000000e8900000, 0x0000000100000000)
  eden space 263680K, 68% used [0x00000000d5f00000,0x00000000e1031a40,0x00000000e6080000)
  from space 19968K, 99% used [0x00000000e6080000,0x00000000e73ffa60,0x00000000e7400000)
  to   space 18432K, 0% used [0x00000000e7400000,0x00000000e7400000,0x00000000e8600000)
 ParOldGen       total 90112K, used 55204K [0x0000000081c00000, 0x0000000087400000, 0x00000000d5f00000)
  object space 90112K, 61% used [0x0000000081c00000,0x00000000851e90b8,0x0000000087400000)
 Metaspace       used 31408K, capacity 32170K, committed 32256K, reserved 1077248K
  class space    used 3567K, capacity 3804K, committed 3840K, reserved 1048576K
GC Heap History (10 events):
Event: 14.975 GC heap before
{Heap before GC invocations=6 (full 0):
 PSYoungGen      total 71680K, used 71648K [0x00000000d5f00000, 0x00000000df900000, 0x0000000100000000)
  eden space 66560K, 100% used [0x00000000d5f00000,0x00000000da000000,0x00000000da000000)
  from space 5120K, 99% used [0x00000000da000000,0x00000000da4f8020,0x00000000da500000)
  to   space 12288K, 0% used [0x00000000ded00000,0x00000000ded00000,0x00000000df900000)
 ParOldGen       total 87552K, used 13358K [0x0000000081c00000, 0x0000000087180000, 0x00000000d5f00000)
  object space 87552K, 15% used [0x0000000081c00000,0x000000008290bad8,0x0000000087180000)
 Metaspace       used 16393K, capacity 16698K, committed 16896K, reserved 1064960K
  class space    used 1862K, capacity 1954K, committed 2048K, reserved 1048576K
Event: 15.019 GC heap after
Heap after GC invocations=6 (full 0):
 PSYoungGen      total 144896K, used 9568K [0x00000000d5f00000, 0x00000000dfa00000, 0x0000000100000000)
  eden space 132608K, 0% used [0x00000000d5f00000,0x00000000d5f00000,0x00000000de080000)
  from space 12288K, 77% used [0x00000000ded00000,0x00000000df658270,0x00000000df900000)
  to   space 12800K, 0% used [0x00000000de080000,0x00000000de080000,0x00000000ded00000)
 ParOldGen       total 87552K, used 13358K [0x0000000081c00000, 0x0000000087180000, 0x00000000d5f00000)
  object space 87552K, 15% used [0x0000000081c00000,0x000000008290bad8,0x0000000087180000)
 Metaspace       used 16393K, capacity 16698K, committed 16896K, reserved 1064960K
  class space    used 1862K, capacity 1954K, committed 2048K, reserved 1048576K
}
Event: 19.396 GC heap before
{Heap before GC invocations=7 (full 0):
 PSYoungGen      total 144896K, used 142176K [0x00000000d5f00000, 0x00000000dfa00000, 0x0000000100000000)
  eden space 132608K, 100% used [0x00000000d5f00000,0x00000000de080000,0x00000000de080000)
  from space 12288K, 77% used [0x00000000ded00000,0x00000000df658270,0x00000000df900000)
  to   space 12800K, 0% used [0x00000000de080000,0x00000000de080000,0x00000000ded00000)
 ParOldGen       total 87552K, used 13358K [0x0000000081c00000, 0x0000000087180000, 0x00000000d5f00000)
  object space 87552K, 15% used [0x0000000081c00000,0x000000008290bad8,0x0000000087180000)
 Metaspace       used 17480K, capacity 17918K, committed 18048K, reserved 1064960K
  class space    used 1973K, capacity 2124K, committed 2176K, reserved 1048576K
Event: 19.486 GC heap after
Heap after GC invocations=7 (full 0):
 PSYoungGen      total 145408K, used 12784K [0x00000000d5f00000, 0x00000000e8600000, 0x0000000100000000)
  eden space 132608K, 0% used [0x00000000d5f00000,0x00000000d5f00000,0x00000000de080000)
  from space 12800K, 99% used [0x00000000de080000,0x00000000decfc010,0x00000000ded00000)
  to   space 18432K, 0% used [0x00000000e7400000,0x00000000e7400000,0x00000000e8600000)
 ParOldGen       total 87552K, used 21466K [0x0000000081c00000, 0x0000000087180000, 0x00000000d5f00000)
  object space 87552K, 24% used [0x0000000081c00000,0x00000000830f69f8,0x0000000087180000)
 Metaspace       used 17480K, capacity 17918K, committed 18048K, reserved 1064960K
  class space    used 1973K, capacity 2124K, committed 2176K, reserved 1048576K
}
Event: 23.705 GC heap before
{Heap before GC invocations=8 (full 0):
 PSYoungGen      total 145408K, used 97819K [0x00000000d5f00000, 0x00000000e8600000, 0x0000000100000000)
  eden space 132608K, 64% used [0x00000000d5f00000,0x00000000db20ae40,0x00000000de080000)
  from space 12800K, 99% used [0x00000000de080000,0x00000000decfc010,0x00000000ded00000)
  to   space 18432K, 0% used [0x00000000e7400000,0x00000000e7400000,0x00000000e8600000)
 ParOldGen       total 87552K, used 21466K [0x0000000081c00000, 0x0000000087180000, 0x00000000d5f00000)
  object space 87552K, 24% used [0x0000000081c00000,0x00000000830f69f8,0x0000000087180000)
 Metaspace       used 20621K, capacity 21110K, committed 21248K, reserved 1069056K
  class space    used 2345K, capacity 2484K, committed 2560K, reserved 1048576K
Event: 23.732 GC heap after
Heap after GC invocations=8 (full 0):
 PSYoungGen      total 282112K, used 15744K [0x00000000d5f00000, 0x00000000e8900000, 0x0000000100000000)
  eden space 263680K, 0% used [0x00000000d5f00000,0x00000000d5f00000,0x00000000e6080000)
  from space 18432K, 85% used [0x00000000e7400000,0x00000000e83600b8,0x00000000e8600000)
  to   space 19968K, 0% used [0x00000000e6080000,0x00000000e6080000,0x00000000e7400000)
 ParOldGen       total 87552K, used 22434K [0x0000000081c00000, 0x0000000087180000, 0x00000000d5f00000)
  object space 87552K, 25% used [0x0000000081c00000,0x00000000831e8a08,0x0000000087180000)
 Metaspace       used 20621K, capacity 21110K, committed 21248K, reserved 1069056K
  class space    used 2345K, capacity 2484K, committed 2560K, reserved 1048576K
}
Event: 23.732 GC heap before
{Heap before GC invocations=9 (full 1):
 PSYoungGen      total 282112K, used 15744K [0x00000000d5f00000, 0x00000000e8900000, 0x0000000100000000)
  eden space 263680K, 0% used [0x00000000d5f00000,0x00000000d5f00000,0x00000000e6080000)
  from space 18432K, 85% used [0x00000000e7400000,0x00000000e83600b8,0x00000000e8600000)
  to   space 19968K, 0% used [0x00000000e6080000,0x00000000e6080000,0x00000000e7400000)
 ParOldGen       total 87552K, used 22434K [0x0000000081c00000, 0x0000000087180000, 0x00000000d5f00000)
  object space 87552K, 25% used [0x0000000081c00000,0x00000000831e8a08,0x0000000087180000)
 Metaspace       used 20621K, capacity 21110K, committed 21248K, reserved 1069056K
  class space    used 2345K, capacity 2484K, committed 2560K, reserved 1048576K
Event: 24.103 GC heap after
Heap after GC invocations=9 (full 1):
 PSYoungGen      total 282112K, used 0K [0x00000000d5f00000, 0x00000000e8900000, 0x0000000100000000)
  eden space 263680K, 0% used [0x00000000d5f00000,0x00000000d5f00000,0x00000000e6080000)
  from space 18432K, 0% used [0x00000000e7400000,0x00000000e7400000,0x00000000e8600000)
  to   space 19968K, 0% used [0x00000000e6080000,0x00000000e6080000,0x00000000e7400000)
 ParOldGen       total 90112K, used 30836K [0x0000000081c00000, 0x0000000087400000, 0x00000000d5f00000)
  object space 90112K, 34% used [0x0000000081c00000,0x0000000083a1d128,0x0000000087400000)
 Metaspace       used 20621K, capacity 21110K, committed 21248K, reserved 1069056K
  class space    used 2345K, capacity 2484K, committed 2560K, reserved 1048576K
}
Event: 33.695 GC heap before
{Heap before GC invocations=10 (full 1):
 PSYoungGen      total 282112K, used 263680K [0x00000000d5f00000, 0x00000000e8900000, 0x0000000100000000)
  eden space 263680K, 100% used [0x00000000d5f00000,0x00000000e6080000,0x00000000e6080000)
  from space 18432K, 0% used [0x00000000e7400000,0x00000000e7400000,0x00000000e8600000)
  to   space 19968K, 0% used [0x00000000e6080000,0x00000000e6080000,0x00000000e7400000)
 ParOldGen       total 90112K, used 30836K [0x0000000081c00000, 0x0000000087400000, 0x00000000d5f00000)
  object space 90112K, 34% used [0x0000000081c00000,0x0000000083a1d128,0x0000000087400000)
 Metaspace       used 28968K, capacity 29588K, committed 29696K, reserved 1075200K
  class space    used 3355K, capacity 3565K, committed 3584K, reserved 1048576K
Event: 34.050 GC heap after
Heap after GC invocations=10 (full 1):
 PSYoungGen      total 283648K, used 19966K [0x00000000d5f00000, 0x00000000e8900000, 0x0000000100000000)
  eden space 263680K, 0% used [0x00000000d5f00000,0x00000000d5f00000,0x00000000e6080000)
  from space 19968K, 99% used [0x00000000e6080000,0x00000000e73ffa60,0x00000000e7400000)
  to   space 18432K, 0% used [0x00000000e7400000,0x00000000e7400000,0x00000000e8600000)
 ParOldGen       total 90112K, used 55204K [0x0000000081c00000, 0x0000000087400000, 0x00000000d5f00000)
  object space 90112K, 61% used [0x0000000081c00000,0x00000000851e90b8,0x0000000087400000)
 Metaspace       used 28968K, capacity 29588K, committed 29696K, reserved 1075200K
  class space    used 3355K, capacity 3565K, committed 3584K, reserved 1048576K
}

